<?xml version="1.0" encoding="UTF-8"?>
<!-- Generated by org.testng.reporters.JUnitReportReporter -->
<testsuite hostname="LAPTOP-UL57R2CA" failures="0" tests="1" name="com.test.LoginTest" time="2.928" errors="0" timestamp="2022-01-25T16:06:10 IST" skipped="0">
  <testcase classname="com.test.LoginTest" name="Login" time="2.928"/>
  <system-out/>
</testsuite> <!-- com.test.LoginTest -->
